

Started GET "/" for 127.0.0.1 at 2014-04-23 23:51:18 -0500

ActiveRecord::PendingMigrationError (Migrations are pending; run 'bin/rake db:migrate RAILS_ENV=development' to resolve this issue.):
  activerecord (4.0.2) lib/active_record/migration.rb:379:in `check_pending!'
  activerecord (4.0.2) lib/active_record/migration.rb:366:in `call'
  actionpack (4.0.2) lib/action_dispatch/middleware/callbacks.rb:29:in `block in call'
  activesupport (4.0.2) lib/active_support/callbacks.rb:373:in `_run__2941282543474016471__call__callbacks'
  activesupport (4.0.2) lib/active_support/callbacks.rb:80:in `run_callbacks'
  actionpack (4.0.2) lib/action_dispatch/middleware/callbacks.rb:27:in `call'
  actionpack (4.0.2) lib/action_dispatch/middleware/reloader.rb:64:in `call'
  actionpack (4.0.2) lib/action_dispatch/middleware/remote_ip.rb:76:in `call'
  actionpack (4.0.2) lib/action_dispatch/middleware/debug_exceptions.rb:17:in `call'
  actionpack (4.0.2) lib/action_dispatch/middleware/show_exceptions.rb:30:in `call'
  railties (4.0.2) lib/rails/rack/logger.rb:38:in `call_app'
  railties (4.0.2) lib/rails/rack/logger.rb:20:in `block in call'
  activesupport (4.0.2) lib/active_support/tagged_logging.rb:67:in `block in tagged'
  activesupport (4.0.2) lib/active_support/tagged_logging.rb:25:in `tagged'
  activesupport (4.0.2) lib/active_support/tagged_logging.rb:67:in `tagged'
  railties (4.0.2) lib/rails/rack/logger.rb:20:in `call'
  actionpack (4.0.2) lib/action_dispatch/middleware/request_id.rb:21:in `call'
  rack (1.5.2) lib/rack/methodoverride.rb:21:in `call'
  rack (1.5.2) lib/rack/runtime.rb:17:in `call'
  activesupport (4.0.2) lib/active_support/cache/strategy/local_cache.rb:83:in `call'
  rack (1.5.2) lib/rack/lock.rb:17:in `call'
  actionpack (4.0.2) lib/action_dispatch/middleware/static.rb:64:in `call'
  rack (1.5.2) lib/rack/sendfile.rb:112:in `call'
  railties (4.0.2) lib/rails/engine.rb:511:in `call'
  railties (4.0.2) lib/rails/application.rb:97:in `call'
  rack (1.5.2) lib/rack/lock.rb:17:in `call'
  rack (1.5.2) lib/rack/content_length.rb:14:in `call'
  rack (1.5.2) lib/rack/handler/webrick.rb:60:in `service'
  /home/jzanc/.rvm/rubies/ruby-2.0.0-p353/lib/ruby/2.0.0/webrick/httpserver.rb:138:in `service'
  /home/jzanc/.rvm/rubies/ruby-2.0.0-p353/lib/ruby/2.0.0/webrick/httpserver.rb:94:in `run'
  /home/jzanc/.rvm/rubies/ruby-2.0.0-p353/lib/ruby/2.0.0/webrick/server.rb:295:in `block in start_thread'


  Rendered /home/jzanc/.rvm/gems/ruby-2.0.0-p353@railstutorial_rails_4_0/gems/actionpack-4.0.2/lib/action_dispatch/middleware/templates/rescues/_source.erb (0.9ms)
  Rendered /home/jzanc/.rvm/gems/ruby-2.0.0-p353@railstutorial_rails_4_0/gems/actionpack-4.0.2/lib/action_dispatch/middleware/templates/rescues/_trace.erb (1.3ms)
  Rendered /home/jzanc/.rvm/gems/ruby-2.0.0-p353@railstutorial_rails_4_0/gems/actionpack-4.0.2/lib/action_dispatch/middleware/templates/rescues/_request_and_response.erb (1.4ms)
  Rendered /home/jzanc/.rvm/gems/ruby-2.0.0-p353@railstutorial_rails_4_0/gems/actionpack-4.0.2/lib/action_dispatch/middleware/templates/rescues/diagnostics.erb within rescues/layout (35.5ms)
  [1m[36m (161.3ms)[0m  [1mCREATE TABLE "schema_migrations" ("version" varchar(255) NOT NULL) [0m
  [1m[35m (124.8ms)[0m  CREATE UNIQUE INDEX "unique_schema_migrations" ON "schema_migrations" ("version")
  [1m[36mActiveRecord::SchemaMigration Load (0.3ms)[0m  [1mSELECT "schema_migrations".* FROM "schema_migrations"[0m
Migrating to CreateUsers (20140302153026)
  [1m[35m (0.2ms)[0m  begin transaction
  [1m[36m (0.8ms)[0m  [1mCREATE TABLE "users" ("id" INTEGER PRIMARY KEY AUTOINCREMENT NOT NULL, "name" varchar(255), "email" varchar(255), "created_at" datetime, "updated_at" datetime) [0m
  [1m[35mSQL (0.3ms)[0m  INSERT INTO "schema_migrations" ("version") VALUES (?)  [["version", "20140302153026"]]
  [1m[36m (115.9ms)[0m  [1mcommit transaction[0m
Migrating to AddIndexToUsersEmail (20140302170417)
  [1m[35m (0.2ms)[0m  begin transaction
  [1m[36m (0.6ms)[0m  [1mCREATE UNIQUE INDEX "index_users_on_email" ON "users" ("email")[0m
  [1m[35mSQL (0.2ms)[0m  INSERT INTO "schema_migrations" ("version") VALUES (?)  [["version", "20140302170417"]]
  [1m[36m (112.5ms)[0m  [1mcommit transaction[0m
Migrating to AddPasswordDigestToUsers (20140302224033)
  [1m[35m (0.2ms)[0m  begin transaction
  [1m[36m (0.7ms)[0m  [1mALTER TABLE "users" ADD "password_digest" varchar(255)[0m
  [1m[35mSQL (0.6ms)[0m  INSERT INTO "schema_migrations" ("version") VALUES (?)  [["version", "20140302224033"]]
  [1m[36m (127.6ms)[0m  [1mcommit transaction[0m
Migrating to AddRememberTokenToUsers (20140330190411)
  [1m[35m (0.2ms)[0m  begin transaction
  [1m[36m (0.7ms)[0m  [1mALTER TABLE "users" ADD "remember_token" varchar(255)[0m
  [1m[35m (0.2ms)[0m  CREATE INDEX "index_users_on_remember_token" ON "users" ("remember_token")
  [1m[36mSQL (0.2ms)[0m  [1mINSERT INTO "schema_migrations" ("version") VALUES (?)[0m  [["version", "20140330190411"]]
  [1m[35m (145.9ms)[0m  commit transaction
Migrating to AddAdminToUsers (20140408005032)
  [1m[36m (0.2ms)[0m  [1mbegin transaction[0m
  [1m[35m (0.8ms)[0m  ALTER TABLE "users" ADD "admin" boolean DEFAULT 'f'
  [1m[36mSQL (0.3ms)[0m  [1mINSERT INTO "schema_migrations" ("version") VALUES (?)[0m  [["version", "20140408005032"]]
  [1m[35m (141.3ms)[0m  commit transaction
Migrating to CreateMicroposts (20140413053058)
  [1m[36m (0.2ms)[0m  [1mbegin transaction[0m
  [1m[35m (0.7ms)[0m  CREATE TABLE "microposts" ("id" INTEGER PRIMARY KEY AUTOINCREMENT NOT NULL, "content" varchar(255), "user_id" integer, "created_at" datetime, "updated_at" datetime) 
  [1m[36m (0.4ms)[0m  [1mCREATE INDEX "index_microposts_on_user_id_and_created_at" ON "microposts" ("user_id", "created_at")[0m
  [1m[35mSQL (0.3ms)[0m  INSERT INTO "schema_migrations" ("version") VALUES (?)  [["version", "20140413053058"]]
  [1m[36m (142.5ms)[0m  [1mcommit transaction[0m
Migrating to CreateRelationships (20140421002946)
  [1m[35m (0.2ms)[0m  begin transaction
  [1m[36m (0.8ms)[0m  [1mCREATE TABLE "relationships" ("id" INTEGER PRIMARY KEY AUTOINCREMENT NOT NULL, "follower_id" integer, "followed_id" integer, "created_at" datetime, "updated_at" datetime) [0m
  [1m[35m (0.5ms)[0m  CREATE INDEX "index_relationships_on_follower_id" ON "relationships" ("follower_id")
  [1m[36m (0.2ms)[0m  [1mCREATE INDEX "index_relationships_on_followed_id" ON "relationships" ("followed_id")[0m
  [1m[35m (0.3ms)[0m  CREATE UNIQUE INDEX "index_relationships_on_follower_id_and_followed_id" ON "relationships" ("follower_id", "followed_id")
  [1m[36mSQL (0.2ms)[0m  [1mINSERT INTO "schema_migrations" ("version") VALUES (?)[0m  [["version", "20140421002946"]]
  [1m[35m (142.4ms)[0m  commit transaction
  [1m[36mActiveRecord::SchemaMigration Load (0.3ms)[0m  [1mSELECT "schema_migrations".* FROM "schema_migrations"[0m


Started GET "/" for 127.0.0.1 at 2014-04-23 23:51:54 -0500
  [1m[36mActiveRecord::SchemaMigration Load (0.2ms)[0m  [1mSELECT "schema_migrations".* FROM "schema_migrations"[0m
Processing by StaticPagesController#home as HTML
  [1m[35mUser Load (0.2ms)[0m  SELECT "users".* FROM "users" WHERE "users"."remember_token" = '02a1b93030dedd47106b0701454c36911a38efe1' LIMIT 1
  [1m[36mCACHE (0.0ms)[0m  [1mSELECT "users".* FROM "users" WHERE "users"."remember_token" = '02a1b93030dedd47106b0701454c36911a38efe1' LIMIT 1[0m
  Rendered static_pages/_sign_up.html.erb (4.6ms)
  Rendered static_pages/home.html.erb within layouts/application (10.9ms)
Warning. Error encountered while saving cache 385cb1ab255eb4e5b81505630ea79684587b9987/custom.css.scssc: can't dump anonymous class #<Class:0x00000003432f30>

Warning. Error encountered while saving cache 3cf2a6afd34b540f442840e0de83557699d11a8a/bootstrap.scssc: can't dump anonymous class #<Class:0x00000003432f30>

Warning. Error encountered while saving cache 2e8e80b4b8a6c56d7202b7a19197a57b670f93b1/bootstrap.scssc: can't dump anonymous class #<Class:0x00000003432f30>

Warning. Error encountered while saving cache 2e8e80b4b8a6c56d7202b7a19197a57b670f93b1/_variables.scssc: can't dump anonymous class #<Class:0x00000003432f30>

Warning. Error encountered while saving cache 2e8e80b4b8a6c56d7202b7a19197a57b670f93b1/_mixins.scssc: can't dump anonymous class #<Class:0x00000003432f30>

Warning. Error encountered while saving cache 2e8e80b4b8a6c56d7202b7a19197a57b670f93b1/_reset.scssc: can't dump anonymous class #<Class:0x00000003432f30>

Warning. Error encountered while saving cache 2e8e80b4b8a6c56d7202b7a19197a57b670f93b1/_scaffolding.scssc: can't dump anonymous class #<Class:0x00000003432f30>

Warning. Error encountered while saving cache 2e8e80b4b8a6c56d7202b7a19197a57b670f93b1/_grid.scssc: can't dump anonymous class #<Class:0x00000003432f30>

Warning. Error encountered while saving cache 2e8e80b4b8a6c56d7202b7a19197a57b670f93b1/_layouts.scssc: can't dump anonymous class #<Class:0x00000003432f30>

Warning. Error encountered while saving cache 2e8e80b4b8a6c56d7202b7a19197a57b670f93b1/_type.scssc: can't dump anonymous class #<Class:0x00000003432f30>

Warning. Error encountered while saving cache 2e8e80b4b8a6c56d7202b7a19197a57b670f93b1/_code.scssc: can't dump anonymous class #<Class:0x00000003432f30>

Warning. Error encountered while saving cache 2e8e80b4b8a6c56d7202b7a19197a57b670f93b1/_forms.scssc: can't dump anonymous class #<Class:0x00000003432f30>

Warning. Error encountered while saving cache 2e8e80b4b8a6c56d7202b7a19197a57b670f93b1/_tables.scssc: can't dump anonymous class #<Class:0x00000003432f30>

Warning. Error encountered while saving cache 2e8e80b4b8a6c56d7202b7a19197a57b670f93b1/_sprites.scssc: can't dump anonymous class #<Class:0x00000003432f30>

Warning. Error encountered while saving cache 2e8e80b4b8a6c56d7202b7a19197a57b670f93b1/_dropdowns.scssc: can't dump anonymous class #<Class:0x00000003432f30>

Warning. Error encountered while saving cache 2e8e80b4b8a6c56d7202b7a19197a57b670f93b1/_wells.scssc: can't dump anonymous class #<Class:0x00000003432f30>

Warning. Error encountered while saving cache 2e8e80b4b8a6c56d7202b7a19197a57b670f93b1/_component-animations.scssc: can't dump anonymous class #<Class:0x00000003432f30>

Warning. Error encountered while saving cache 2e8e80b4b8a6c56d7202b7a19197a57b670f93b1/_close.scssc: can't dump anonymous class #<Class:0x00000003432f30>

Warning. Error encountered while saving cache 2e8e80b4b8a6c56d7202b7a19197a57b670f93b1/_buttons.scssc: can't dump anonymous class #<Class:0x00000003432f30>

Warning. Error encountered while saving cache 2e8e80b4b8a6c56d7202b7a19197a57b670f93b1/_button-groups.scssc: can't dump anonymous class #<Class:0x00000003432f30>

Warning. Error encountered while saving cache 2e8e80b4b8a6c56d7202b7a19197a57b670f93b1/_alerts.scssc: can't dump anonymous class #<Class:0x00000003432f30>

Warning. Error encountered while saving cache 2e8e80b4b8a6c56d7202b7a19197a57b670f93b1/_navs.scssc: can't dump anonymous class #<Class:0x00000003432f30>

Warning. Error encountered while saving cache 2e8e80b4b8a6c56d7202b7a19197a57b670f93b1/_navbar.scssc: can't dump anonymous class #<Class:0x00000003432f30>

Warning. Error encountered while saving cache 2e8e80b4b8a6c56d7202b7a19197a57b670f93b1/_breadcrumbs.scssc: can't dump anonymous class #<Class:0x00000003432f30>

Warning. Error encountered while saving cache 2e8e80b4b8a6c56d7202b7a19197a57b670f93b1/_pagination.scssc: can't dump anonymous class #<Class:0x00000003432f30>

Warning. Error encountered while saving cache 2e8e80b4b8a6c56d7202b7a19197a57b670f93b1/_pager.scssc: can't dump anonymous class #<Class:0x00000003432f30>

Warning. Error encountered while saving cache 2e8e80b4b8a6c56d7202b7a19197a57b670f93b1/_modals.scssc: can't dump anonymous class #<Class:0x00000003432f30>

Warning. Error encountered while saving cache 2e8e80b4b8a6c56d7202b7a19197a57b670f93b1/_tooltip.scssc: can't dump anonymous class #<Class:0x00000003432f30>

Warning. Error encountered while saving cache 2e8e80b4b8a6c56d7202b7a19197a57b670f93b1/_popovers.scssc: can't dump anonymous class #<Class:0x00000003432f30>

Warning. Error encountered while saving cache 2e8e80b4b8a6c56d7202b7a19197a57b670f93b1/_thumbnails.scssc: can't dump anonymous class #<Class:0x00000003432f30>

Warning. Error encountered while saving cache 2e8e80b4b8a6c56d7202b7a19197a57b670f93b1/_media.scssc: can't dump anonymous class #<Class:0x00000003432f30>

Warning. Error encountered while saving cache 2e8e80b4b8a6c56d7202b7a19197a57b670f93b1/_labels-badges.scssc: can't dump anonymous class #<Class:0x00000003432f30>

Warning. Error encountered while saving cache 2e8e80b4b8a6c56d7202b7a19197a57b670f93b1/_progress-bars.scssc: can't dump anonymous class #<Class:0x00000003432f30>

Warning. Error encountered while saving cache 2e8e80b4b8a6c56d7202b7a19197a57b670f93b1/_accordion.scssc: can't dump anonymous class #<Class:0x00000003432f30>

Warning. Error encountered while saving cache 2e8e80b4b8a6c56d7202b7a19197a57b670f93b1/_carousel.scssc: can't dump anonymous class #<Class:0x00000003432f30>

Warning. Error encountered while saving cache 2e8e80b4b8a6c56d7202b7a19197a57b670f93b1/_hero-unit.scssc: can't dump anonymous class #<Class:0x00000003432f30>

Warning. Error encountered while saving cache 2e8e80b4b8a6c56d7202b7a19197a57b670f93b1/_utilities.scssc: can't dump anonymous class #<Class:0x00000003432f30>

Warning. Error encountered while saving cache 385cb1ab255eb4e5b81505630ea79684587b9987/sessions.css.scssc: can't dump anonymous class #<Class:0x00000003432f30>

Warning. Error encountered while saving cache 385cb1ab255eb4e5b81505630ea79684587b9987/static_pages.css.scssc: can't dump anonymous class #<Class:0x00000003432f30>

Warning. Error encountered while saving cache 385cb1ab255eb4e5b81505630ea79684587b9987/users.css.scssc: can't dump anonymous class #<Class:0x00000003432f30>

  Rendered layouts/_shim.html.erb (0.6ms)
  [1m[35mCACHE (0.0ms)[0m  SELECT "users".* FROM "users" WHERE "users"."remember_token" = '02a1b93030dedd47106b0701454c36911a38efe1' LIMIT 1
  Rendered layouts/_header.html.erb (3.2ms)
  Rendered layouts/_footer.html.erb (1.1ms)
Completed 200 OK in 4112ms (Views: 4083.3ms | ActiveRecord: 0.6ms)


Started GET "/assets/application.css?body=1" for 127.0.0.1 at 2014-04-23 23:51:58 -0500


Started GET "/assets/custom.css?body=1" for 127.0.0.1 at 2014-04-23 23:51:58 -0500


Started GET "/assets/static_pages.css?body=1" for 127.0.0.1 at 2014-04-23 23:51:58 -0500


Started GET "/assets/sessions.css?body=1" for 127.0.0.1 at 2014-04-23 23:51:59 -0500


Started GET "/assets/users.css?body=1" for 127.0.0.1 at 2014-04-23 23:51:59 -0500


Started GET "/assets/jquery.js?body=1" for 127.0.0.1 at 2014-04-23 23:51:59 -0500


Started GET "/assets/jquery_ujs.js?body=1" for 127.0.0.1 at 2014-04-23 23:51:59 -0500


Started GET "/assets/bootstrap-transition.js?body=1" for 127.0.0.1 at 2014-04-23 23:51:59 -0500


Started GET "/assets/bootstrap-affix.js?body=1" for 127.0.0.1 at 2014-04-23 23:51:59 -0500


Started GET "/assets/bootstrap-alert.js?body=1" for 127.0.0.1 at 2014-04-23 23:51:59 -0500


Started GET "/assets/bootstrap-button.js?body=1" for 127.0.0.1 at 2014-04-23 23:51:59 -0500


Started GET "/assets/bootstrap-carousel.js?body=1" for 127.0.0.1 at 2014-04-23 23:51:59 -0500


Started GET "/assets/bootstrap-collapse.js?body=1" for 127.0.0.1 at 2014-04-23 23:51:59 -0500


Started GET "/assets/bootstrap-dropdown.js?body=1" for 127.0.0.1 at 2014-04-23 23:51:59 -0500


Started GET "/assets/bootstrap-modal.js?body=1" for 127.0.0.1 at 2014-04-23 23:51:59 -0500


Started GET "/assets/bootstrap-scrollspy.js?body=1" for 127.0.0.1 at 2014-04-23 23:51:59 -0500


Started GET "/assets/bootstrap-tab.js?body=1" for 127.0.0.1 at 2014-04-23 23:51:59 -0500


Started GET "/assets/bootstrap-tooltip.js?body=1" for 127.0.0.1 at 2014-04-23 23:51:59 -0500


Started GET "/assets/bootstrap-popover.js?body=1" for 127.0.0.1 at 2014-04-23 23:51:59 -0500


Started GET "/assets/bootstrap-typeahead.js?body=1" for 127.0.0.1 at 2014-04-23 23:51:59 -0500


Started GET "/assets/bootstrap.js?body=1" for 127.0.0.1 at 2014-04-23 23:51:59 -0500


Started GET "/assets/turbolinks.js?body=1" for 127.0.0.1 at 2014-04-23 23:51:59 -0500


Started GET "/assets/sessions.js?body=1" for 127.0.0.1 at 2014-04-23 23:51:59 -0500


Started GET "/assets/static_pages.js?body=1" for 127.0.0.1 at 2014-04-23 23:51:59 -0500


Started GET "/assets/users.js?body=1" for 127.0.0.1 at 2014-04-23 23:51:59 -0500


Started GET "/assets/application.js?body=1" for 127.0.0.1 at 2014-04-23 23:51:59 -0500


Started GET "/assets/rails.png" for 127.0.0.1 at 2014-04-23 23:51:59 -0500


Started GET "/" for 127.0.0.1 at 2014-04-23 23:52:06 -0500
Processing by StaticPagesController#home as HTML
  [1m[36mUser Load (0.3ms)[0m  [1mSELECT "users".* FROM "users" WHERE "users"."remember_token" = '02a1b93030dedd47106b0701454c36911a38efe1' LIMIT 1[0m
  [1m[35mCACHE (0.0ms)[0m  SELECT "users".* FROM "users" WHERE "users"."remember_token" = '02a1b93030dedd47106b0701454c36911a38efe1' LIMIT 1
  Rendered static_pages/_sign_up.html.erb (1.1ms)
  Rendered static_pages/home.html.erb within layouts/application (3.9ms)
  Rendered layouts/_shim.html.erb (0.5ms)
  [1m[36mCACHE (0.1ms)[0m  [1mSELECT "users".* FROM "users" WHERE "users"."remember_token" = '02a1b93030dedd47106b0701454c36911a38efe1' LIMIT 1[0m
  Rendered layouts/_header.html.erb (2.7ms)
  Rendered layouts/_footer.html.erb (0.8ms)
Completed 200 OK in 33ms (Views: 30.7ms | ActiveRecord: 0.4ms)


Started GET "/help" for 127.0.0.1 at 2014-04-23 23:52:07 -0500
Processing by StaticPagesController#help as HTML
  Rendered static_pages/help.html.erb within layouts/application (0.7ms)
  Rendered layouts/_shim.html.erb (0.1ms)
  [1m[35mUser Load (0.3ms)[0m  SELECT "users".* FROM "users" WHERE "users"."remember_token" = '02a1b93030dedd47106b0701454c36911a38efe1' LIMIT 1
  Rendered layouts/_header.html.erb (2.7ms)
  Rendered layouts/_footer.html.erb (0.3ms)
Completed 200 OK in 21ms (Views: 20.0ms | ActiveRecord: 0.3ms)


Started GET "/signin" for 127.0.0.1 at 2014-04-23 23:52:09 -0500
Processing by SessionsController#new as HTML
  Rendered sessions/new.html.erb within layouts/application (3.9ms)
  Rendered layouts/_shim.html.erb (0.1ms)
  [1m[36mUser Load (0.3ms)[0m  [1mSELECT "users".* FROM "users" WHERE "users"."remember_token" = '02a1b93030dedd47106b0701454c36911a38efe1' LIMIT 1[0m
  Rendered layouts/_header.html.erb (2.0ms)
  Rendered layouts/_footer.html.erb (0.2ms)
Completed 200 OK in 27ms (Views: 24.9ms | ActiveRecord: 0.3ms)


Started GET "/" for 127.0.0.1 at 2014-04-23 23:53:04 -0500
Processing by StaticPagesController#home as HTML
  [1m[35mUser Load (0.3ms)[0m  SELECT "users".* FROM "users" WHERE "users"."remember_token" = '02a1b93030dedd47106b0701454c36911a38efe1' LIMIT 1
  [1m[36mCACHE (0.0ms)[0m  [1mSELECT "users".* FROM "users" WHERE "users"."remember_token" = '02a1b93030dedd47106b0701454c36911a38efe1' LIMIT 1[0m
  Rendered static_pages/_sign_up.html.erb (0.7ms)
  Rendered static_pages/home.html.erb within layouts/application (3.0ms)
  Rendered layouts/_shim.html.erb (0.1ms)
  [1m[35mCACHE (0.0ms)[0m  SELECT "users".* FROM "users" WHERE "users"."remember_token" = '02a1b93030dedd47106b0701454c36911a38efe1' LIMIT 1
  Rendered layouts/_header.html.erb (1.2ms)
  Rendered layouts/_footer.html.erb (0.2ms)
Completed 200 OK in 23ms (Views: 21.1ms | ActiveRecord: 0.3ms)


Started GET "/help" for 127.0.0.1 at 2014-04-23 23:53:04 -0500
Processing by StaticPagesController#help as HTML
  Rendered static_pages/help.html.erb within layouts/application (0.2ms)
  Rendered layouts/_shim.html.erb (0.1ms)
  [1m[36mUser Load (0.2ms)[0m  [1mSELECT "users".* FROM "users" WHERE "users"."remember_token" = '02a1b93030dedd47106b0701454c36911a38efe1' LIMIT 1[0m
  Rendered layouts/_header.html.erb (1.5ms)
  Rendered layouts/_footer.html.erb (0.2ms)
Completed 200 OK in 21ms (Views: 19.8ms | ActiveRecord: 0.2ms)


Started GET "/about" for 127.0.0.1 at 2014-04-23 23:53:05 -0500
Processing by StaticPagesController#about as HTML
  Rendered static_pages/about.html.erb within layouts/application (0.7ms)
  Rendered layouts/_shim.html.erb (0.1ms)
  [1m[35mUser Load (0.3ms)[0m  SELECT "users".* FROM "users" WHERE "users"."remember_token" = '02a1b93030dedd47106b0701454c36911a38efe1' LIMIT 1
  Rendered layouts/_header.html.erb (2.1ms)
  Rendered layouts/_footer.html.erb (0.2ms)
Completed 200 OK in 20ms (Views: 19.7ms | ActiveRecord: 0.3ms)


Started GET "/contact" for 127.0.0.1 at 2014-04-23 23:53:07 -0500
Processing by StaticPagesController#contact as HTML
  Rendered static_pages/contact.html.erb within layouts/application (0.6ms)
  Rendered layouts/_shim.html.erb (0.1ms)
  [1m[36mUser Load (0.3ms)[0m  [1mSELECT "users".* FROM "users" WHERE "users"."remember_token" = '02a1b93030dedd47106b0701454c36911a38efe1' LIMIT 1[0m
  Rendered layouts/_header.html.erb (2.0ms)
  Rendered layouts/_footer.html.erb (0.2ms)
Completed 200 OK in 20ms (Views: 19.3ms | ActiveRecord: 0.3ms)


Started GET "/" for 127.0.0.1 at 2014-04-23 23:53:08 -0500
Processing by StaticPagesController#home as HTML
  [1m[35mUser Load (0.3ms)[0m  SELECT "users".* FROM "users" WHERE "users"."remember_token" = '02a1b93030dedd47106b0701454c36911a38efe1' LIMIT 1
  [1m[36mCACHE (0.0ms)[0m  [1mSELECT "users".* FROM "users" WHERE "users"."remember_token" = '02a1b93030dedd47106b0701454c36911a38efe1' LIMIT 1[0m
  Rendered static_pages/_sign_up.html.erb (0.5ms)
  Rendered static_pages/home.html.erb within layouts/application (2.0ms)
  Rendered layouts/_shim.html.erb (0.1ms)
  [1m[35mCACHE (0.1ms)[0m  SELECT "users".* FROM "users" WHERE "users"."remember_token" = '02a1b93030dedd47106b0701454c36911a38efe1' LIMIT 1
  Rendered layouts/_header.html.erb (2.1ms)
  Rendered layouts/_footer.html.erb (0.4ms)
Completed 200 OK in 29ms (Views: 26.7ms | ActiveRecord: 0.3ms)
